Project Information          d:\programmes\max\max_projects\pcsod_v.2\reg9.rpt

MAX+plus II Compiler Report File
Version 10.23 07/09/2003
Compiled: 03/11/2020 21:00:52

Copyright (C) 1988-2003 Altera Corporation
Any megafunction design, and related net list (encrypted or decrypted),
support information, device programming or simulation file, and any other
associated documentation or information provided by Altera or a partner
under Altera's Megafunction Partnership Program may be used only to
program PLD devices (but not masked PLD devices) from Altera.  Any other
use of such megafunction design, net list, support information, device
programming or simulation file, or any other related documentation or
information is prohibited for any other purpose, including, but not
limited to modification, reverse engineering, de-compiling, or use with
any other silicon devices, unless such use is explicitly licensed under
a separate agreement with Altera or a megafunction partner.  Title to
the intellectual property, including patents, copyrights, trademarks,
trade secrets, or maskworks, embodied in any such megafunction design,
net list, support information, device programming or simulation file, or
any other related documentation or information provided by Altera or a
megafunction partner, remains with Altera, the megafunction partner, or
their respective licensors.  No other licenses, including any licenses
needed under any third party's intellectual property, are provided herein.



***** Project compilation was successful




** DEVICE SUMMARY **

Chip/                     Input   Output   Bidir         Shareable
POF       Device          Pins    Pins     Pins     LCs  Expanders  % Utilized

reg9      EPM3032ALC44-4   14       9        0      9       2           28 %

User Pins:                 14       9        0  



Device-Specific Information: d:\programmes\max\max_projects\pcsod_v.2\reg9.rpt
reg9

***** Logic for device 'reg9' compiled without errors.




Device: EPM3032ALC44-4

Device Options:
    Turbo Bit                                    = ON
    Security Bit                                 = OFF
    Enable JTAG Support                        = ON
    User Code                                  = ffffffff
    MultiVolt I/O                              = OFF

                                               
                                               
              C        V                       
              L        C                       
              K        C                       
              S     S  I  G  G  G  G  G        
              D     E  N  N  N  N  N  N  D  Q  
              V  R  R  T  D  D  D  D  D  5  7  
            -----------------------------------_ 
          /   6  5  4  3  2  1 44 43 42 41 40   | 
    #TDI |  7                                39 | Q6 
    MODE |  8                                38 | #TDO 
      D8 |  9                                37 | Q1 
     GND | 10                                36 | GND 
      D7 | 11                                35 | VCCIO 
      D6 | 12         EPM3032ALC44-4         34 | Q3 
    #TMS | 13                                33 | Q5 
      D4 | 14                                32 | #TCK 
   VCCIO | 15                                31 | Q2 
      D3 | 16                                30 | GND 
     GND | 17                                29 | Q4 
         |_  18 19 20 21 22 23 24 25 26 27 28  _| 
           ------------------------------------ 
              D  D  D  C  G  V  R  R  R  Q  Q  
              2  1  0  L  N  C  E  E  E  0  8  
                       K  D  C  S  S  S        
                       W     I  E  E  E        
                       R     N  R  R  R        
                             T  V  V  V        
                                E  E  E        
                                D  D  D        


N.C. = No Connect. This pin has no internal connection to the device.
VCCINT = Dedicated power pin, which MUST be connected to VCC (3.3 volts).
VCCIO = Dedicated power pin, which MUST be connected to VCC (3.3 volts).
GND = Dedicated ground pin or unused dedicated input, which MUST be connected to GND.
RESERVED = Unused I/O pin, which MUST be left unconnected.

^ = Dedicated configuration pin.
+ = Reserved configuration pin, which is tri-stated during user mode.
* = Reserved configuration pin, which drives out in user mode.
PDn = Power Down pin. 
@ = Special-purpose pin. 
# = JTAG Boundary-Scan Testing/In-System Programming or Configuration Pin. The JTAG inputs TMS and TDI should be tied to VCC and TCK should be tied to GND when not in use.
& = JTAG pin used for I/O. When used as user I/O, JTAG pins must be kept stable before and during configuration.  JTAG pin stability prevents accidental loading of JTAG instructions.


Device-Specific Information: d:\programmes\max\max_projects\pcsod_v.2\reg9.rpt
reg9

** RESOURCE USAGE **

                                                Shareable     External
Logic Array Block     Logic Cells   I/O Pins    Expanders   Interconnect

A:     LC1 - LC16     0/16(  0%)  15/15(100%)   0/16(  0%)   0/36(  0%) 
B:    LC17 - LC32     9/16( 56%)  12/15( 80%)   2/16( 12%)  22/36( 61%) 


Total dedicated input pins used:                 0/4      (  0%)
Total I/O pins used:                            27/30     ( 90%)
Total logic cells used:                          9/32     ( 28%)
Total shareable expanders used:                  2/32     (  6%)
Total Turbo logic cells used:                    9/32     ( 28%)
Total shareable expanders not available (n/a):   0/32     (  0%)
Average fan-in:                                  6.00
Total fan-in:                                    54

Total input pins required:                      14
Total output pins required:                      9
Total bidirectional pins required:               0
Total reserved pins required                     4
Total logic cells required:                      9
Total flipflops required:                        9
Total product terms required:                   38
Total logic cells lending parallel expanders:    0
Total shareable expanders in database:           2

Synthesized logic cells:                         0/  32   (  0%)



Device-Specific Information: d:\programmes\max\max_projects\pcsod_v.2\reg9.rpt
reg9

** INPUTS **

                                         Shareable
                                         Expanders     Fan-In    Fan-Out
 Pin     LC  LAB  Primitive    Code   Total Shared n/a INP  FBK  OUT  FBK  Name
   6    (3)  (A)      INPUT               0      0   0    0    0    9    0  CLKSDV
  21   (16)  (A)      INPUT               0      0   0    0    0    9    0  CLKWR
  20   (15)  (A)      INPUT               0      0   0    0    0    1    0  D0
  19   (14)  (A)      INPUT               0      0   0    0    0    1    0  D1
  18   (13)  (A)      INPUT               0      0   0    0    0    1    0  D2
  16   (11)  (A)      INPUT               0      0   0    0    0    1    0  D3
  14   (10)  (A)      INPUT               0      0   0    0    0    1    0  D4
  41   (17)  (B)      INPUT               0      0   0    0    0    1    0  D5
  12    (8)  (A)      INPUT               0      0   0    0    0    1    0  D6
  11    (7)  (A)      INPUT               0      0   0    0    0    1    0  D7
   9    (6)  (A)      INPUT               0      0   0    0    0    1    0  D8
   8    (5)  (A)      INPUT               0      0   0    0    0    9    0  MODE
   5    (2)  (A)      INPUT               0      0   0    0    0    9    0  R
   4    (1)  (A)      INPUT               0      0   0    0    0    1    0  SER


Code:

s = Synthesized pin or logic cell
t = Turbo logic cell
+ = Synchronous flipflop
/ = Slow slew-rate output
! = NOT gate push-back
r = Fitter-inserted logic cell


Device-Specific Information: d:\programmes\max\max_projects\pcsod_v.2\reg9.rpt
reg9

** OUTPUTS **

                                         Shareable
                                         Expanders     Fan-In    Fan-Out
 Pin     LC  LAB  Primitive    Code   Total Shared n/a INP  FBK  OUT  FBK  Name
  27     29    B         FF      t        2      2   0    6    0    1    0  Q0
  37     21    B         FF      t        2      2   0    5    1    1    0  Q1
  31     26    B         FF      t        2      2   0    5    1    1    0  Q2
  34     23    B         FF      t        2      2   0    5    1    1    0  Q3
  29     27    B         FF      t        2      2   0    5    1    1    0  Q4
  33     24    B         FF      t        2      2   0    5    1    1    0  Q5
  39     19    B         FF      t        2      2   0    5    1    1    0  Q6
  40     18    B         FF      t        2      2   0    5    1    1    0  Q7
  28     28    B         FF      t        2      2   0    5    1    0    0  Q8


Code:

s = Synthesized pin or logic cell
t = Turbo logic cell
+ = Synchronous flipflop
/ = Slow slew-rate output
! = NOT gate push-back
r = Fitter-inserted logic cell


Device-Specific Information: d:\programmes\max\max_projects\pcsod_v.2\reg9.rpt
reg9

** LOGIC CELL INTERCONNECTIONS **

Logic Array Block 'B':

                           Logic cells placed in LAB 'B'
        +----------------- LC29 Q0
        | +--------------- LC21 Q1
        | | +------------- LC26 Q2
        | | | +----------- LC23 Q3
        | | | | +--------- LC27 Q4
        | | | | | +------- LC24 Q5
        | | | | | | +----- LC19 Q6
        | | | | | | | +--- LC18 Q7
        | | | | | | | | +- LC28 Q8
        | | | | | | | | | 
        | | | | | | | | |   Other LABs fed by signals
        | | | | | | | | |   that feed LAB 'B'
LC      | | | | | | | | | | A B |     Logic cells that feed LAB 'B':
LC29 -> - * - - - - - - - | - * | <-- Q0
LC21 -> - - * - - - - - - | - * | <-- Q1
LC26 -> - - - * - - - - - | - * | <-- Q2
LC23 -> - - - - * - - - - | - * | <-- Q3
LC27 -> - - - - - * - - - | - * | <-- Q4
LC24 -> - - - - - - * - - | - * | <-- Q5
LC19 -> - - - - - - - * - | - * | <-- Q6
LC18 -> - - - - - - - - * | - * | <-- Q7

Pin
6    -> * * * * * * * * * | - * | <-- CLKSDV
21   -> * * * * * * * * * | - * | <-- CLKWR
20   -> * - - - - - - - - | - * | <-- D0
19   -> - * - - - - - - - | - * | <-- D1
18   -> - - * - - - - - - | - * | <-- D2
16   -> - - - * - - - - - | - * | <-- D3
14   -> - - - - * - - - - | - * | <-- D4
41   -> - - - - - * - - - | - * | <-- D5
12   -> - - - - - - * - - | - * | <-- D6
11   -> - - - - - - - * - | - * | <-- D7
9    -> - - - - - - - - * | - * | <-- D8
8    -> * * * * * * * * * | - * | <-- MODE
5    -> * * * * * * * * * | - * | <-- R
4    -> * - - - - - - - - | - * | <-- SER


* = The logic cell or pin is an input to the logic cell (or LAB) through the PIA.
- = The logic cell or pin is not an input to the logic cell (or LAB).


Device-Specific Information: d:\programmes\max\max_projects\pcsod_v.2\reg9.rpt
reg9

** EQUATIONS **

CLKSDV   : INPUT;
CLKWR    : INPUT;
D0       : INPUT;
D1       : INPUT;
D2       : INPUT;
D3       : INPUT;
D4       : INPUT;
D5       : INPUT;
D6       : INPUT;
D7       : INPUT;
D8       : INPUT;
MODE     : INPUT;
R        : INPUT;
SER      : INPUT;

-- Node name is 'Q0' = ':16' 
-- Equation name is 'Q0', type is output 
 Q0      = DFFE( _EQ001 $  GND,  _EQ002, !R,  VCC,  VCC);
  _EQ001 =  D0 &  MODE
         # !MODE &  SER;
  _EQ002 =  _X001 &  _X002;
  _X001  = EXP(!CLKSDV & !MODE);
  _X002  = EXP(!CLKWR &  MODE);

-- Node name is 'Q1' = ':17' 
-- Equation name is 'Q1', type is output 
 Q1      = DFFE( _EQ003 $  GND,  _EQ004, !R,  VCC,  VCC);
  _EQ003 =  D1 &  MODE
         # !MODE &  Q0;
  _EQ004 =  _X001 &  _X002;
  _X001  = EXP(!CLKSDV & !MODE);
  _X002  = EXP(!CLKWR &  MODE);

-- Node name is 'Q2' = ':18' 
-- Equation name is 'Q2', type is output 
 Q2      = DFFE( _EQ005 $  GND,  _EQ006, !R,  VCC,  VCC);
  _EQ005 =  D2 &  MODE
         # !MODE &  Q1;
  _EQ006 =  _X001 &  _X002;
  _X001  = EXP(!CLKSDV & !MODE);
  _X002  = EXP(!CLKWR &  MODE);

-- Node name is 'Q3' = ':19' 
-- Equation name is 'Q3', type is output 
 Q3      = DFFE( _EQ007 $  GND,  _EQ008, !R,  VCC,  VCC);
  _EQ007 =  D3 &  MODE
         # !MODE &  Q2;
  _EQ008 =  _X001 &  _X002;
  _X001  = EXP(!CLKSDV & !MODE);
  _X002  = EXP(!CLKWR &  MODE);

-- Node name is 'Q4' = ':20' 
-- Equation name is 'Q4', type is output 
 Q4      = DFFE( _EQ009 $  GND,  _EQ010, !R,  VCC,  VCC);
  _EQ009 =  D4 &  MODE
         # !MODE &  Q3;
  _EQ010 =  _X001 &  _X002;
  _X001  = EXP(!CLKSDV & !MODE);
  _X002  = EXP(!CLKWR &  MODE);

-- Node name is 'Q5' = ':21' 
-- Equation name is 'Q5', type is output 
 Q5      = DFFE( _EQ011 $  GND,  _EQ012, !R,  VCC,  VCC);
  _EQ011 =  D5 &  MODE
         # !MODE &  Q4;
  _EQ012 =  _X001 &  _X002;
  _X001  = EXP(!CLKSDV & !MODE);
  _X002  = EXP(!CLKWR &  MODE);

-- Node name is 'Q6' = ':22' 
-- Equation name is 'Q6', type is output 
 Q6      = DFFE( _EQ013 $  GND,  _EQ014, !R,  VCC,  VCC);
  _EQ013 =  D6 &  MODE
         # !MODE &  Q5;
  _EQ014 =  _X001 &  _X002;
  _X001  = EXP(!CLKSDV & !MODE);
  _X002  = EXP(!CLKWR &  MODE);

-- Node name is 'Q7' = ':23' 
-- Equation name is 'Q7', type is output 
 Q7      = DFFE( _EQ015 $  GND,  _EQ016, !R,  VCC,  VCC);
  _EQ015 =  D7 &  MODE
         # !MODE &  Q6;
  _EQ016 =  _X001 &  _X002;
  _X001  = EXP(!CLKSDV & !MODE);
  _X002  = EXP(!CLKWR &  MODE);

-- Node name is 'Q8' = ':73' 
-- Equation name is 'Q8', type is output 
 Q8      = DFFE( _EQ017 $  GND,  _EQ018, !R,  VCC,  VCC);
  _EQ017 =  D8 &  MODE
         # !MODE &  Q7;
  _EQ018 =  _X001 &  _X002;
  _X001  = EXP(!CLKSDV & !MODE);
  _X002  = EXP(!CLKWR &  MODE);



--     Shareable expanders that are duplicated in multiple LABs:
--     (none)




Project Information          d:\programmes\max\max_projects\pcsod_v.2\reg9.rpt

** COMPILATION SETTINGS & TIMES **

Processing Menu Commands
------------------------

Design Doctor                             = off

Logic Synthesis:

   Synthesis Type Used                    = Standard

   Default Synthesis Style                = NORMAL

      Logic option settings in 'NORMAL' style for 'MAX3000A' family

      DECOMPOSE_GATES                     = on
      DUPLICATE_LOGIC_EXTRACTION          = on
      MINIMIZATION                        = full
      MULTI_LEVEL_FACTORING               = on
      NOT_GATE_PUSH_BACK                  = on
      PARALLEL_EXPANDERS                  = off
      REDUCE_LOGIC                        = on
      REFACTORIZATION                     = on
      REGISTER_OPTIMIZATION               = on
      RESYNTHESIZE_NETWORK                = on
      SLOW_SLEW_RATE                      = off
      SOFT_BUFFER_INSERTION               = on
      SUBFACTOR_EXTRACTION                = on
      TURBO_BIT                           = on
      XOR_SYNTHESIS                       = on
      IGNORE_SOFT_BUFFERS                 = off
      USE_LPM_FOR_AHDL_OPERATORS          = off

   Other logic synthesis settings:

      Automatic Global Clock              = on
      Automatic Global Clear              = on
      Automatic Global Preset             = on
      Automatic Global Output Enable      = on
      Automatic Fast I/O                  = off
      Automatic Register Packing          = off
      Automatic Open-Drain Pins           = on
      Automatic Implement in EAB          = off
      One-Hot State Machine Encoding      = off
      Optimize                            = 5

Default Timing Specifications: None

Cut All Bidir Feedback Timing Paths       = on
Cut All Clear & Preset Timing Paths       = on

Ignore Timing Assignments                 = off

Functional SNF Extractor                  = off

Linked SNF Extractor                      = off
Timing SNF Extractor                      = on
Optimize Timing SNF                       = off
Generate AHDL TDO File                    = off
Fitter Settings                           = NORMAL
Smart Recompile                           = off
Total Recompile                           = off

Interfaces Menu Commands
------------------------

EDIF Netlist Writer                       = off
Verilog Netlist Writer                    = off
VHDL Netlist Writer                       = off

Compilation Times
-----------------

   Compiler Netlist Extractor             00:00:00
   Database Builder                       00:00:00
   Logic Synthesizer                      00:00:00
   Partitioner                            00:00:00
   Fitter                                 00:00:00
   Timing SNF Extractor                   00:00:00
   Assembler                              00:00:00
   --------------------------             --------
   Total Time                             00:00:00


Memory Allocated
-----------------

Peak memory allocated during compilation  = 2,940K
